2025-07-26T20:25:47.076+02:00  INFO 23072 --- [nile] [restartedMain] al.vibe.nile.NileApplication             : Starting NileApplication using Java 21.0.6 with PID 23072 (C:\Users\User\Desktop\nile\nile\target\classes started by User in C:\Users\User\Desktop\nile)
2025-07-26T20:25:47.078+02:00  INFO 23072 --- [nile] [restartedMain] al.vibe.nile.NileApplication             : No active profile set, falling back to 1 default profile: "default"
2025-07-26T20:25:47.121+02:00  INFO 23072 --- [nile] [restartedMain] .e.DevToolsPropertyDefaultsPostProcessor : Devtools property defaults active! Set 'spring.devtools.add-properties' to 'false' to disable
2025-07-26T20:25:47.122+02:00  INFO 23072 --- [nile] [restartedMain] .e.DevToolsPropertyDefaultsPostProcessor : For additional web related logging consider setting the 'logging.level.web' property to 'DEBUG'
2025-07-26T20:25:47.726+02:00  INFO 23072 --- [nile] [restartedMain] .s.d.r.c.RepositoryConfigurationDelegate : Bootstrapping Spring Data JPA repositories in DEFAULT mode.
2025-07-26T20:25:47.751+02:00  INFO 23072 --- [nile] [restartedMain] .s.d.r.c.RepositoryConfigurationDelegate : Finished Spring Data repository scanning in 18 ms. Found 0 JPA repository interfaces.
2025-07-26T20:25:48.166+02:00  INFO 23072 --- [nile] [restartedMain] o.s.b.w.embedded.tomcat.TomcatWebServer  : Tomcat initialized with port 8080 (http)
2025-07-26T20:25:48.177+02:00  INFO 23072 --- [nile] [restartedMain] o.apache.catalina.core.StandardService   : Starting service [Tomcat]
2025-07-26T20:25:48.177+02:00  INFO 23072 --- [nile] [restartedMain] o.apache.catalina.core.StandardEngine    : Starting Servlet engine: [Apache Tomcat/10.1.43]
2025-07-26T20:25:48.217+02:00  INFO 23072 --- [nile] [restartedMain] o.a.c.c.C.[Tomcat].[localhost].[/]       : Initializing Spring embedded WebApplicationContext
2025-07-26T20:25:48.218+02:00  INFO 23072 --- [nile] [restartedMain] w.s.c.ServletWebServerApplicationContext : Root WebApplicationContext: initialization completed in 1095 ms
2025-07-26T20:25:48.276+02:00  WARN 23072 --- [nile] [restartedMain] ConfigServletWebServerApplicationContext : Exception encountered during context initialization - cancelling refresh attempt: org.springframework.beans.factory.BeanCreationException: Error creating bean with name 'entityManagerFactory' defined in class path resource [org/springframework/boot/autoconfigure/orm/jpa/HibernateJpaConfiguration.class]: Failed to initialize dependency 'dataSourceScriptDatabaseInitializer' of LoadTimeWeaverAware bean 'entityManagerFactory': Error creating bean with name 'dataSourceScriptDatabaseInitializer' defined in class path resource [org/springframework/boot/autoconfigure/sql/init/DataSourceInitializationConfiguration.class]: Unsatisfied dependency expressed through method 'dataSourceScriptDatabaseInitializer' parameter 0: Error creating bean with name 'dataSource' defined in class path resource [org/springframework/boot/autoconfigure/jdbc/DataSourceConfiguration$Hikari.class]: Failed to instantiate [com.zaxxer.hikari.HikariDataSource]: Factory method 'dataSource' threw exception with message: Failed to determine a suitable driver class
2025-07-26T20:25:48.279+02:00  INFO 23072 --- [nile] [restartedMain] o.apache.catalina.core.StandardService   : Stopping service [Tomcat]
2025-07-26T20:25:48.294+02:00  INFO 23072 --- [nile] [restartedMain] .s.b.a.l.ConditionEvaluationReportLogger : 

Error starting ApplicationContext. To display the condition evaluation report re-run your application with 'debug' enabled.
2025-07-26T20:25:48.310+02:00 ERROR 23072 --- [nile] [restartedMain] o.s.b.d.LoggingFailureAnalysisReporter   : 

***************************
APPLICATION FAILED TO START
***************************

Description:

Failed to configure a DataSource: 'url' attribute is not specified and no embedded datasource could be configured.

Reason: Failed to determine a suitable driver class


Action:

Consider the following:
	If you want an embedded database (H2, HSQL or Derby), please put it on the classpath.
	If you have database settings to be loaded from a particular profile you may need to activate it (no profiles are currently active).

